<?xml version="1.0" encoding="UTF-8"?>
<testsuite xmlns:xsi="http://www.w3.org/2001/XMLSchema-instance" xsi:noNamespaceSchemaLocation="https://maven.apache.org/surefire/maven-surefire-plugin/xsd/surefire-test-report-3.0.xsd" version="3.0" name="com.employeeproject.springbootbackend.SpringbootbackendApplicationTests" time="6.088" tests="1" errors="0" skipped="0" failures="0">
  <properties>
[...]
</properties>
  <testcase name="contextLoads" classname="com.employeeproject.springbootbackend.SpringbootbackendApplicationTests" time="0.555">
    <system-out><![CDATA[23:49:27.941 [main] INFO org.springframework.test.context.support.AnnotationConfigContextLoaderUtils -- Could not detect default configuration classes for test class [com.employeeproject.springbootbackend.SpringbootbackendApplicationTests]: SpringbootbackendApplicationTests does not declare any static, non-private, non-final, nested classes annotated with @Configuration.
23:49:28.032 [main] INFO org.springframework.boot.test.context.SpringBootTestContextBootstrapper -- Found @SpringBootConfiguration com.employeeproject.springbootbackend.SpringbootbackendApplication for test class com.employeeproject.springbootbackend.SpringbootbackendApplicationTests

  .   ____          _            __ _ _
 /\\ / ___'_ __ _ _(_)_ __  __ _ \ \ \ \
( ( )\___ | '_ | '_| | '_ \/ _` | \ \ \ \
 \\/  ___)| |_)| | | | | || (_| |  ) ) ) )
  '  |____| .__|_| |_|_| |_\__, | / / / /
 =========|_|==============|___/=/_/_/_/

 :: Spring Boot ::                (v3.3.4)

2024-10-06T23:49:28.482+05:30  INFO 12960 --- [springbootbackend] [           main] c.e.s.SpringbootbackendApplicationTests  : Starting SpringbootbackendApplicationTests using Java 17.0.12 with PID 12960 (started by Naveen in C:\Users\Naveen\Downloads\Backendddd\myProject)
2024-10-06T23:49:28.484+05:30  INFO 12960 --- [springbootbackend] [           main] c.e.s.SpringbootbackendApplicationTests  : No active profile set, falling back to 1 default profile: "default"
2024-10-06T23:49:29.378+05:30  INFO 12960 --- [springbootbackend] [           main] .s.d.r.c.RepositoryConfigurationDelegate : Bootstrapping Spring Data JPA repositories in DEFAULT mode.
2024-10-06T23:49:29.440+05:30  INFO 12960 --- [springbootbackend] [           main] .s.d.r.c.RepositoryConfigurationDelegate : Finished Spring Data repository scanning in 48 ms. Found 2 JPA repository interfaces.
2024-10-06T23:49:30.170+05:30  INFO 12960 --- [springbootbackend] [           main] o.hibernate.jpa.internal.util.LogHelper  : HHH000204: Processing PersistenceUnitInfo [name: default]
2024-10-06T23:49:30.274+05:30  INFO 12960 --- [springbootbackend] [           main] org.hibernate.Version                    : HHH000412: Hibernate ORM core version 6.5.3.Final
2024-10-06T23:49:30.340+05:30  INFO 12960 --- [springbootbackend] [           main] o.h.c.internal.RegionFactoryInitiator    : HHH000026: Second-level cache disabled
2024-10-06T23:49:30.750+05:30  INFO 12960 --- [springbootbackend] [           main] o.s.o.j.p.SpringPersistenceUnitInfo      : No LoadTimeWeaver setup: ignoring JPA class transformer
2024-10-06T23:49:30.778+05:30  INFO 12960 --- [springbootbackend] [           main] com.zaxxer.hikari.HikariDataSource       : HikariPool-1 - Starting...
2024-10-06T23:49:30.927+05:30  INFO 12960 --- [springbootbackend] [           main] com.zaxxer.hikari.pool.HikariPool        : HikariPool-1 - Added connection com.mysql.cj.jdbc.ConnectionImpl@57bdceaa
2024-10-06T23:49:30.929+05:30  INFO 12960 --- [springbootbackend] [           main] com.zaxxer.hikari.HikariDataSource       : HikariPool-1 - Start completed.
2024-10-06T23:49:30.967+05:30  WARN 12960 --- [springbootbackend] [           main] org.hibernate.orm.deprecation            : HHH90000025: MySQL8Dialect does not need to be specified explicitly using 'hibernate.dialect' (remove the property setting and it will be selected by default)
2024-10-06T23:49:30.968+05:30  WARN 12960 --- [springbootbackend] [           main] org.hibernate.orm.deprecation            : HHH90000026: MySQL8Dialect has been deprecated; use org.hibernate.dialect.MySQLDialect instead
2024-10-06T23:49:31.813+05:30  INFO 12960 --- [springbootbackend] [           main] o.h.e.t.j.p.i.JtaPlatformInitiator       : HHH000489: No JTA platform available (set 'hibernate.transaction.jta.platform' to enable JTA platform integration)
2024-10-06T23:49:31.893+05:30  INFO 12960 --- [springbootbackend] [           main] j.LocalContainerEntityManagerFactoryBean : Initialized JPA EntityManagerFactory for persistence unit 'default'
2024-10-06T23:49:32.337+05:30  WARN 12960 --- [springbootbackend] [           main] JpaBaseConfiguration$JpaWebConfiguration : spring.jpa.open-in-view is enabled by default. Therefore, database queries may be performed during view rendering. Explicitly configure spring.jpa.open-in-view to disable this warning
2024-10-06T23:49:32.374+05:30  INFO 12960 --- [springbootbackend] [           main] r$InitializeUserDetailsManagerConfigurer : Global AuthenticationManager configured with UserDetailsService bean with name userDetailsService
2024-10-06T23:49:33.292+05:30  INFO 12960 --- [springbootbackend] [           main] c.e.s.SpringbootbackendApplicationTests  : Started SpringbootbackendApplicationTests in 5.064 seconds (process running for 5.981)
]]></system-out>
  </testcase>
</testsuite>